<?xml version="1.0" encoding="UTF-8"?>
<!-- Generated by org.testng.reporters.JUnitXMLReporter -->
<testsuite ignored="1" hostname="DESKTOP-Q0GD9FJ" failures="1" tests="1" name="myNewProjectFreeCRM2" time="0.031" errors="0" timestamp="2021-03-24T05:57:07 EET">
  <testcase classname="MainPage" name="checkLogo" time="0.0">
    <failure type="org.testng.TestNGException" message="
Parameter &amp;apos;logoXpath&amp;apos; is required by @Test on method checkLogo but has not been marked @Optional or defined
in C:\Users\M\AppData\Local\JetBrains\IdeaIC2020.3\temp-testng-customsuite.xml">
      <![CDATA[org.testng.TestNGException: 
Parameter 'logoXpath' is required by @Test on method checkLogo but has not been marked @Optional or defined
in C:\Users\M\AppData\Local\JetBrains\IdeaIC2020.3\temp-testng-customsuite.xml
at java.base/java.util.ArrayList.forEach(ArrayList.java:1511)
at com.intellij.rt.testng.IDEARemoteTestNG.run(IDEARemoteTestNG.java:66)
at com.intellij.rt.testng.RemoteTestNGStarter.main(RemoteTestNGStarter.java:109)
... Removed 23 stack frames]]>
    </failure>
  </testcase> <!-- checkLogo -->
  <testcase classname="MainPage" name="checkURL" time="0.0">
    <ignored/>
  </testcase> <!-- checkURL -->
</testsuite> <!-- myNewProjectFreeCRM2 -->
